CRITICAL - 2022-11-21 12:39:47 --> file_get_contents(C:\xampp\htdocs\ci4_payroll\writable\debugbar/debugbar_1669005168.188384.json): failed to open stream: No such file or directory
in SYSTEMPATH\Debug\Toolbar\Collectors\History.php on line 82.
 1 [internal function]: CodeIgniter\Debug\Exceptions->errorHandler(2, 'file_get_contents(C:\\xampp\\htdocs\\ci4_payroll\\writable\\debugbar/debugbar_1669005168.188384.json): failed to open stream: No such file or directory', 'SYSTEMPATH\\Debug\\Toolbar\\Collectors\\History.php', 82, [...])
 2 SYSTEMPATH\Debug\Toolbar\Collectors\History.php(82): file_get_contents('FCPATH\\writable\\debugbar/debugbar_1669005168.188384.json')
 3 SYSTEMPATH\Debug\Toolbar.php(495): CodeIgniter\Debug\Toolbar\Collectors\History->setFiles('1669005575.805137', 20)
 4 SYSTEMPATH\Debug\Toolbar.php(472): CodeIgniter\Debug\Toolbar->format([...], 'html')
 5 APPPATH\Config\Events.php(46): CodeIgniter\Debug\Toolbar->respond()
 6 SYSTEMPATH\Events\Events.php(149): CodeIgniter\Events\Events::Config\{closure}()
 7 SYSTEMPATH\CodeIgniter.php(326): CodeIgniter\Events\Events::trigger('pre_system')
 8 FCPATH\index.php(55): CodeIgniter\CodeIgniter->run()
CRITICAL - 2022-11-21 12:48:54 --> Undefined variable: deduction_name
in APPPATH\Controllers\Main.php on line 526.
 1 APPPATH\Controllers\Main.php(526): CodeIgniter\Debug\Exceptions->errorHandler(8, 'Undefined variable: deduction_name', 'APPPATH\\Controllers\\Main.php', 526, [...])
 2 SYSTEMPATH\CodeIgniter.php(896): App\Controllers\Main->payslip_add('$1')
 3 SYSTEMPATH\CodeIgniter.php(466): CodeIgniter\CodeIgniter->runController(Object(App\Controllers\Main))
 4 SYSTEMPATH\CodeIgniter.php(349): CodeIgniter\CodeIgniter->handleRequest(null, Object(Config\Cache), false)
 5 FCPATH\index.php(55): CodeIgniter\CodeIgniter->run()
CRITICAL - 2022-11-21 12:52:29 --> Undefined variable: deduction_name
in APPPATH\Controllers\Main.php on line 526.
 1 APPPATH\Controllers\Main.php(526): CodeIgniter\Debug\Exceptions->errorHandler(8, 'Undefined variable: deduction_name', 'APPPATH\\Controllers\\Main.php', 526, [...])
 2 SYSTEMPATH\CodeIgniter.php(896): App\Controllers\Main->payslip_add('$1')
 3 SYSTEMPATH\CodeIgniter.php(466): CodeIgniter\CodeIgniter->runController(Object(App\Controllers\Main))
 4 SYSTEMPATH\CodeIgniter.php(349): CodeIgniter\CodeIgniter->handleRequest(null, Object(Config\Cache), false)
 5 FCPATH\index.php(55): CodeIgniter\CodeIgniter->run()
CRITICAL - 2022-11-21 13:59:04 --> Undefined variable: earning_name
in APPPATH\Controllers\Main.php on line 517.
 1 APPPATH\Controllers\Main.php(517): CodeIgniter\Debug\Exceptions->errorHandler(8, 'Undefined variable: earning_name', 'APPPATH\\Controllers\\Main.php', 517, [...])
 2 SYSTEMPATH\CodeIgniter.php(896): App\Controllers\Main->payslip_add('$1')
 3 SYSTEMPATH\CodeIgniter.php(466): CodeIgniter\CodeIgniter->runController(Object(App\Controllers\Main))
 4 SYSTEMPATH\CodeIgniter.php(349): CodeIgniter\CodeIgniter->handleRequest(null, Object(Config\Cache), false)
 5 FCPATH\index.php(55): CodeIgniter\CodeIgniter->run()
